<?xml version="1.0" encoding="UTF-8"?>
<!-- Generated by org.testng.reporters.JUnitXMLReporter -->
<testsuite ignored="0" hostname="LAPTOP-2F76RQJQ" failures="0" tests="4" name="Test" time="0.098" errors="0" timestamp="2020-04-09T16:22:28 IST">
  <testcase classname="com.demo.Testng_Script2" name="@BeforeTest beforeMethod" time="0.012">
    <failure type="java.lang.NullPointerException">
      <![CDATA[java.lang.NullPointerException
at com.demo.Testng_Script2.beforeMethod(Testng_Script2.java:43)
... Removed 24 stack frames]]>
    </failure>
  </testcase> <!-- @BeforeTest beforeMethod -->
  <testcase classname="com.demo.Testng_Script" name="@BeforeClass beforeClass" time="-1.58642954862E9">
    <skipped/>
  </testcase> <!-- @BeforeClass beforeClass -->
  <testcase classname="com.demo.Testng_Script" name="@BeforeMethod beforeMethod" time="-1.586429548634E9">
    <skipped/>
  </testcase> <!-- @BeforeMethod beforeMethod -->
  <testcase classname="com.demo.Testng_Script" name="@AfterMethod afterMethod" time="-1.586429548644E9">
    <skipped/>
  </testcase> <!-- @AfterMethod afterMethod -->
  <testcase classname="com.demo.Testng_Script" name="@BeforeMethod beforeMethod" time="-1.586429548649E9">
    <skipped/>
  </testcase> <!-- @BeforeMethod beforeMethod -->
  <testcase classname="com.demo.Testng_Script" name="@AfterMethod afterMethod" time="-1.586429548655E9">
    <skipped/>
  </testcase> <!-- @AfterMethod afterMethod -->
  <testcase classname="com.demo.Testng_Script" name="@BeforeMethod beforeMethod" time="-1.586429548657E9">
    <skipped/>
  </testcase> <!-- @BeforeMethod beforeMethod -->
  <testcase classname="com.demo.Testng_Script" name="@AfterMethod afterMethod" time="-1.586429548662E9">
    <skipped/>
  </testcase> <!-- @AfterMethod afterMethod -->
  <testcase classname="com.demo.Testng_Script" name="@AfterClass afterClass" time="-1.586429548663E9">
    <skipped/>
  </testcase> <!-- @AfterClass afterClass -->
  <testcase classname="com.demo.Testng_Script2" name="@BeforeClass beforeClass" time="-1.586429548665E9">
    <skipped/>
  </testcase> <!-- @BeforeClass beforeClass -->
  <testcase classname="com.demo.Testng_Script2" name="@AfterClass afterClass" time="-1.58642954867E9">
    <skipped/>
  </testcase> <!-- @AfterClass afterClass -->
  <testcase classname="com.demo.Testng_Script2" name="@AfterTest afterMethod" time="-1.586429548671E9">
    <skipped/>
  </testcase> <!-- @AfterTest afterMethod -->
  <testcase classname="com.demo.Testng_Script" name="method3" time="0.0">
    <skipped/>
  </testcase> <!-- method3 -->
  <testcase classname="com.demo.Testng_Script" name="method2" time="0.0">
    <skipped/>
  </testcase> <!-- method2 -->
  <testcase classname="com.demo.Testng_Script" name="method1" time="0.0">
    <skipped/>
  </testcase> <!-- method1 -->
  <testcase classname="com.demo.Testng_Script2" name="method4" time="0.0">
    <skipped/>
  </testcase> <!-- method4 -->
</testsuite> <!-- Test -->
